[1126/211250:ERROR:crash_report_database_win.cc(562)] CreateDirectory C:\Program Files (x86)\Gofat\Reports\Dump\reports: Acceso denegado. (0x5)
[1126/211250:ERROR:registration_protocol_win.cc(82)] TransactNamedPipe: Ha terminado la canalización. (0x6D)
[1126/211250:ERROR:crash_report_database_win.cc(562)] CreateDirectory C:\Program Files (x86)\Gofat\Reports\Dump\reports: Acceso denegado. (0x5)
[1204/225823:ERROR:crash_report_database_win.cc(562)] CreateDirectory C:\Program Files (x86)\Gofat\Reports\Dump\reports: Acceso denegado. (0x5)
[1204/225823:ERROR:registration_protocol_win.cc(82)] TransactNamedPipe: Ha terminado la canalización. (0x6D)
[1204/225823:ERROR:crash_report_database_win.cc(562)] CreateDirectory C:\Program Files (x86)\Gofat\Reports\Dump\reports: Acceso denegado. (0x5)
[1217/185646:ERROR:crash_report_database_win.cc(562)] CreateDirectory C:\Program Files (x86)\Gofat\Reports\Dump\reports: Acceso denegado. (0x5)
[1217/185646:ERROR:registration_protocol_win.cc(82)] TransactNamedPipe: Ha terminado la canalización. (0x6D)
[1217/185646:ERROR:crash_report_database_win.cc(562)] CreateDirectory C:\Program Files (x86)\Gofat\Reports\Dump\reports: Acceso denegado. (0x5)
[1217/190941:ERROR:crash_report_database_win.cc(562)] CreateDirectory C:\Program Files (x86)\Gofat\Reports\Dump\reports: Acceso denegado. (0x5)
[1217/190941:ERROR:registration_protocol_win.cc(82)] TransactNamedPipe: Ha terminado la canalización. (0x6D)
[1217/190941:ERROR:crash_report_database_win.cc(562)] CreateDirectory C:\Program Files (x86)\Gofat\Reports\Dump\reports: Acceso denegado. (0x5)
[1217/191106:ERROR:crash_report_database_win.cc(562)] CreateDirectory C:\Program Files (x86)\Gofat\Reports\Dump\reports: Acceso denegado. (0x5)
[1217/191106:ERROR:registration_protocol_win.cc(82)] TransactNamedPipe: Ha terminado la canalización. (0x6D)
[1217/191106:ERROR:crash_report_database_win.cc(562)] CreateDirectory C:\Program Files (x86)\Gofat\Reports\Dump\reports: Acceso denegado. (0x5)
[1218/193247:ERROR:crash_report_database_win.cc(562)] CreateDirectory C:\Program Files (x86)\Gofat\Reports\Dump\reports: Acceso denegado. (0x5)
[1218/193247:ERROR:registration_protocol_win.cc(82)] TransactNamedPipe: Ha terminado la canalización. (0x6D)
[1218/193247:ERROR:crash_report_database_win.cc(562)] CreateDirectory C:\Program Files (x86)\Gofat\Reports\Dump\reports: Acceso denegado. (0x5)
[1223/145530:ERROR:crash_report_database_win.cc(562)] CreateDirectory C:\Program Files (x86)\Gofat\Reports\Dump\reports: Acceso denegado. (0x5)
[1223/145530:ERROR:registration_protocol_win.cc(82)] TransactNamedPipe: Ha terminado la canalización. (0x6D)
[1223/145530:ERROR:crash_report_database_win.cc(562)] CreateDirectory C:\Program Files (x86)\Gofat\Reports\Dump\reports: Acceso denegado. (0x5)
[1223/145535:ERROR:crash_report_database_win.cc(562)] CreateDirectory C:\Program Files (x86)\Gofat\Reports\Dump\reports: Acceso denegado. (0x5)
[1223/145535:ERROR:registration_protocol_win.cc(82)] TransactNamedPipe: Ha terminado la canalización. (0x6D)
[1223/145535:ERROR:crash_report_database_win.cc(562)] CreateDirectory C:\Program Files (x86)\Gofat\Reports\Dump\reports: Acceso denegado. (0x5)
[0322/124151.653:ERROR:crash_report_database_win.cc(563)] CreateDirectory C:\Program Files (x86)\Footper\reports: Acceso denegado. (0x5)
[0322/124151.653:ERROR:registration_protocol_win.cc(84)] TransactNamedPipe: Ha terminado la canalización. (0x6D)
[0322/124151.669:ERROR:crash_report_database_win.cc(563)] CreateDirectory C:\Program Files (x86)\Footper\reports: Acceso denegado. (0x5)
[0323/195024.446:ERROR:crash_report_database_win.cc(563)] CreateDirectory C:\Program Files (x86)\Footper\reports: Acceso denegado. (0x5)
[0323/195024.469:ERROR:registration_protocol_win.cc(84)] TransactNamedPipe: Ha terminado la canalización. (0x6D)
[0323/195024.477:ERROR:crash_report_database_win.cc(563)] CreateDirectory C:\Program Files (x86)\Footper\reports: Acceso denegado. (0x5)
[0327/181048.985:ERROR:crash_report_database_win.cc(563)] CreateDirectory C:\Program Files (x86)\Footper\reports: Acceso denegado. (0x5)
[0327/181048.985:ERROR:registration_protocol_win.cc(84)] TransactNamedPipe: Ha terminado la canalización. (0x6D)
[0327/181049.001:ERROR:crash_report_database_win.cc(563)] CreateDirectory C:\Program Files (x86)\Footper\reports: Acceso denegado. (0x5)
[0415/005510.978:ERROR:file_io_win.cc(163)] CreateFile C:\Program Files (x86)\Footper\settings.dat: Acceso denegado. (0x5)
[0415/005510.993:ERROR:registration_protocol_win.cc(84)] TransactNamedPipe: Ha terminado la canalización. (0x6D)
[0415/005510.993:ERROR:file_io_win.cc(163)] CreateFile C:\Program Files (x86)\Footper\settings.dat: Acceso denegado. (0x5)
[0503/114606.663:ERROR:file_io_win.cc(163)] CreateFile C:\Program Files (x86)\Footper\settings.dat: Acceso denegado. (0x5)
[0503/114606.694:ERROR:registration_protocol_win.cc(84)] TransactNamedPipe: Ha terminado la canalización. (0x6D)
[0503/114606.694:ERROR:file_io_win.cc(163)] CreateFile C:\Program Files (x86)\Footper\settings.dat: Acceso denegado. (0x5)
[0503/173747.323:ERROR:file_io_win.cc(163)] CreateFile C:\Program Files (x86)\Footper\settings.dat: Acceso denegado. (0x5)
[0503/173747.338:ERROR:registration_protocol_win.cc(84)] TransactNamedPipe: Ha terminado la canalización. (0x6D)
[0503/173747.354:ERROR:file_io_win.cc(163)] CreateFile C:\Program Files (x86)\Footper\settings.dat: Acceso denegado. (0x5)
[0503/173810.662:ERROR:file_io_win.cc(163)] CreateFile C:\Program Files (x86)\Footper\settings.dat: Acceso denegado. (0x5)
[0503/173810.677:ERROR:registration_protocol_win.cc(84)] TransactNamedPipe: Ha terminado la canalización. (0x6D)
[0503/173810.677:ERROR:file_io_win.cc(163)] CreateFile C:\Program Files (x86)\Footper\settings.dat: Acceso denegado. (0x5)
[0503/233158.805:ERROR:file_io_win.cc(163)] CreateFile C:\Program Files (x86)\Footper\settings.dat: Acceso denegado. (0x5)
[0503/233158.820:ERROR:registration_protocol_win.cc(84)] TransactNamedPipe: Ha terminado la canalización. (0x6D)
[0503/233158.820:ERROR:file_io_win.cc(163)] CreateFile C:\Program Files (x86)\Footper\settings.dat: Acceso denegado. (0x5)
[0504/130423.045:ERROR:file_io_win.cc(163)] CreateFile C:\Program Files (x86)\Footper\settings.dat: Acceso denegado. (0x5)
[0504/130423.061:ERROR:registration_protocol_win.cc(84)] TransactNamedPipe: Ha terminado la canalización. (0x6D)
[0504/130423.077:ERROR:file_io_win.cc(163)] CreateFile C:\Program Files (x86)\Footper\settings.dat: Acceso denegado. (0x5)
[0504/180432.161:ERROR:file_io_win.cc(163)] CreateFile C:\Program Files (x86)\Footper\settings.dat: Acceso denegado. (0x5)
[0504/180432.182:ERROR:registration_protocol_win.cc(84)] TransactNamedPipe: Ha terminado la canalización. (0x6D)
[0504/180432.195:ERROR:file_io_win.cc(163)] CreateFile C:\Program Files (x86)\Footper\settings.dat: Acceso denegado. (0x5)
[0504/232758.845:ERROR:file_io_win.cc(163)] CreateFile C:\Program Files (x86)\Footper\settings.dat: Acceso denegado. (0x5)
[0504/232758.850:ERROR:registration_protocol_win.cc(84)] TransactNamedPipe: Ha terminado la canalización. (0x6D)
[0504/232758.863:ERROR:file_io_win.cc(163)] CreateFile C:\Program Files (x86)\Footper\settings.dat: Acceso denegado. (0x5)
[0505/144913.372:ERROR:file_io_win.cc(163)] CreateFile C:\Program Files (x86)\Footper\settings.dat: Acceso denegado. (0x5)
[0505/144913.387:ERROR:registration_protocol_win.cc(84)] TransactNamedPipe: Ha terminado la canalización. (0x6D)
[0505/144913.391:ERROR:file_io_win.cc(163)] CreateFile C:\Program Files (x86)\Footper\settings.dat: Acceso denegado. (0x5)
[0505/171548.814:ERROR:file_io_win.cc(163)] CreateFile C:\Program Files (x86)\Footper\settings.dat: Acceso denegado. (0x5)
[0505/171548.887:ERROR:registration_protocol_win.cc(84)] TransactNamedPipe: Ha terminado la canalización. (0x6D)
[0505/171548.907:ERROR:file_io_win.cc(163)] CreateFile C:\Program Files (x86)\Footper\settings.dat: Acceso denegado. (0x5)
